<?xml version="1.0" encoding="UTF-8"?>
<!-- Generated by org.testng.reporters.JUnitXMLReporter -->
<testsuite ignored="0" hostname="Ameet" failures="1" tests="1" name="Test" time="14.714" errors="0" timestamp="2025-01-03T18:10:43 IST">
  <testcase classname="testcases.RestAssured_TestCases_PL2" name="GetSignatoriesByDepartment" time="9.377">
    <failure type="java.lang.ClassCastException" message="class java.lang.Integer cannot be cast to class java.lang.String (java.lang.Integer and java.lang.String are in module java.base of loader &amp;apos;bootstrap&amp;apos;)">
      <![CDATA[java.lang.ClassCastException: class java.lang.Integer cannot be cast to class java.lang.String (java.lang.Integer and java.lang.String are in module java.base of loader 'bootstrap')
at testcases.RestAssured_TestCases_PL2.GetSignatoriesByDepartment(RestAssured_TestCases_PL2.java:737)
at java.base/java.util.concurrent.ThreadPoolExecutor.runWorker(ThreadPoolExecutor.java:1136)
at java.base/java.util.concurrent.ThreadPoolExecutor$Worker.run(ThreadPoolExecutor.java:635)
at java.base/java.lang.Thread.run(Thread.java:833)
... Removed 12 stack frames]]>
    </failure>
  </testcase> <!-- GetSignatoriesByDepartment -->
</testsuite> <!-- Test -->
