<?xml version="1.0" encoding="UTF-8"?>
<!-- Generated by org.testng.reporters.JUnitXMLReporter -->
<testsuite ignored="0" hostname="Ameet" failures="0" tests="18" name="Test" time="84.836" errors="0" timestamp="2024-12-26T14:13:47 IST">
  <testcase classname="testcases.RestAssured_TestCases_PL1" name="getAllStocksTest" time="11.745"/>
  <testcase classname="testcases.RestAssured_TestCases_PL1" name="getMainStoreTest" time="0.843"/>
  <testcase classname="testcases.RestAssured_TestCases_PL1" name="getRequisitionByDateRangeTest" time="0.904"/>
  <testcase classname="testcases.RestAssured_TestCases_PL1" name="getPatientConsumptionsTest" time="0.703"/>
  <testcase classname="testcases.RestAssured_TestCases_PL1" name="getPatientConsumptionInfoTest" time="0.81"/>
  <testcase classname="testcases.RestAssured_TestCases_PL1" name="getBillingSchemeBySchemeIdTest" time="0.735"/>
  <testcase classname="testcases.RestAssured_TestCases_PL1" name="getBillingSummaryByPatientIdTest" time="0.721"/>
  <testcase classname="testcases.RestAssured_TestCases_PL1" name="getConsumptionsListOfAPatientByIdTest" time="0.692"/>
  <testcase classname="testcases.RestAssured_TestCases_PL1" name="getReturnConsumptionsListTest" time="0.819"/>
  <testcase classname="testcases.RestAssured_TestCases_PL1" name="getDischargedPatientsTest" time="0.687"/>
  <testcase classname="testcases.RestAssured_TestCases_PL1" name="getAdmittedPatientsTest" time="0.709"/>
  <testcase classname="testcases.RestAssured_TestCases_PL1" name="searchIpdPatientByPatientIdTest" time="0.681"/>
  <testcase classname="testcases.RestAssured_TestCases_PL1" name="getPatientProvisionalInfoTest" time="0.948"/>
  <testcase classname="testcases.RestAssured_TestCases_PL1" name="getProvisionalItemsListByPatientIdAndSchemeIdTest" time="0.74"/>
  <testcase classname="testcases.RestAssured_TestCases_PL1" name="getInvoicesByDateRangeTest" time="1.412"/>
  <testcase classname="testcases.RestAssured_TestCases_PL1" name="getProviderListTest" time="0.797"/>
  <testcase classname="testcases.RestAssured_TestCases_PL1" name="getUsersListTest" time="0.805"/>
  <testcase classname="testcases.RestAssured_TestCases_PL1" name="getCurrentFiscalYearDetailsTest" time="0.627"/>
</testsuite> <!-- Test -->
