<?xml version="1.0" encoding="UTF-8"?>
<testng-results ignored="0" total="18" passed="18" failed="0" skipped="0">
  <reporter-output>
  </reporter-output>
  <suite started-at="2024-12-26T14:12:22 IST" name="Suite" finished-at="2024-12-26T14:13:47 IST" duration-ms="84836">
    <groups>
      <group name="PL1">
        <method signature="RestAssured_TestCases_PL1.getAllStocksTest()[pri:1, instance:testcases.RestAssured_TestCases_PL1@1d2bd371]" name="getAllStocksTest" class="testcases.RestAssured_TestCases_PL1"/>
        <method signature="RestAssured_TestCases_PL1.getMainStoreTest()[pri:2, instance:testcases.RestAssured_TestCases_PL1@1d2bd371]" name="getMainStoreTest" class="testcases.RestAssured_TestCases_PL1"/>
        <method signature="RestAssured_TestCases_PL1.getRequisitionByDateRangeTest()[pri:3, instance:testcases.RestAssured_TestCases_PL1@1d2bd371]" name="getRequisitionByDateRangeTest" class="testcases.RestAssured_TestCases_PL1"/>
        <method signature="RestAssured_TestCases_PL1.getPatientConsumptionsTest()[pri:4, instance:testcases.RestAssured_TestCases_PL1@1d2bd371]" name="getPatientConsumptionsTest" class="testcases.RestAssured_TestCases_PL1"/>
        <method signature="RestAssured_TestCases_PL1.getPatientConsumptionInfoTest()[pri:5, instance:testcases.RestAssured_TestCases_PL1@1d2bd371]" name="getPatientConsumptionInfoTest" class="testcases.RestAssured_TestCases_PL1"/>
        <method signature="RestAssured_TestCases_PL1.getBillingSchemeBySchemeIdTest()[pri:6, instance:testcases.RestAssured_TestCases_PL1@1d2bd371]" name="getBillingSchemeBySchemeIdTest" class="testcases.RestAssured_TestCases_PL1"/>
        <method signature="RestAssured_TestCases_PL1.getBillingSummaryByPatientIdTest()[pri:7, instance:testcases.RestAssured_TestCases_PL1@1d2bd371]" name="getBillingSummaryByPatientIdTest" class="testcases.RestAssured_TestCases_PL1"/>
        <method signature="RestAssured_TestCases_PL1.getConsumptionsListOfAPatientByIdTest()[pri:8, instance:testcases.RestAssured_TestCases_PL1@1d2bd371]" name="getConsumptionsListOfAPatientByIdTest" class="testcases.RestAssured_TestCases_PL1"/>
        <method signature="RestAssured_TestCases_PL1.getReturnConsumptionsListTest()[pri:9, instance:testcases.RestAssured_TestCases_PL1@1d2bd371]" name="getReturnConsumptionsListTest" class="testcases.RestAssured_TestCases_PL1"/>
        <method signature="RestAssured_TestCases_PL1.getDischargedPatientsTest()[pri:10, instance:testcases.RestAssured_TestCases_PL1@1d2bd371]" name="getDischargedPatientsTest" class="testcases.RestAssured_TestCases_PL1"/>
        <method signature="RestAssured_TestCases_PL1.getAdmittedPatientsTest()[pri:11, instance:testcases.RestAssured_TestCases_PL1@1d2bd371]" name="getAdmittedPatientsTest" class="testcases.RestAssured_TestCases_PL1"/>
        <method signature="RestAssured_TestCases_PL1.searchIpdPatientByPatientIdTest()[pri:12, instance:testcases.RestAssured_TestCases_PL1@1d2bd371]" name="searchIpdPatientByPatientIdTest" class="testcases.RestAssured_TestCases_PL1"/>
        <method signature="RestAssured_TestCases_PL1.getPatientProvisionalInfoTest()[pri:13, instance:testcases.RestAssured_TestCases_PL1@1d2bd371]" name="getPatientProvisionalInfoTest" class="testcases.RestAssured_TestCases_PL1"/>
        <method signature="RestAssured_TestCases_PL1.getProvisionalItemsListByPatientIdAndSchemeIdTest()[pri:14, instance:testcases.RestAssured_TestCases_PL1@1d2bd371]" name="getProvisionalItemsListByPatientIdAndSchemeIdTest" class="testcases.RestAssured_TestCases_PL1"/>
        <method signature="RestAssured_TestCases_PL1.getInvoicesByDateRangeTest()[pri:15, instance:testcases.RestAssured_TestCases_PL1@1d2bd371]" name="getInvoicesByDateRangeTest" class="testcases.RestAssured_TestCases_PL1"/>
        <method signature="RestAssured_TestCases_PL1.getProviderListTest()[pri:16, instance:testcases.RestAssured_TestCases_PL1@1d2bd371]" name="getProviderListTest" class="testcases.RestAssured_TestCases_PL1"/>
        <method signature="RestAssured_TestCases_PL1.getUsersListTest()[pri:17, instance:testcases.RestAssured_TestCases_PL1@1d2bd371]" name="getUsersListTest" class="testcases.RestAssured_TestCases_PL1"/>
        <method signature="RestAssured_TestCases_PL1.getCurrentFiscalYearDetailsTest()[pri:18, instance:testcases.RestAssured_TestCases_PL1@1d2bd371]" name="getCurrentFiscalYearDetailsTest" class="testcases.RestAssured_TestCases_PL1"/>
      </group> <!-- PL1 -->
    </groups>
    <test started-at="2024-12-26T14:12:22 IST" name="Test" finished-at="2024-12-26T14:13:47 IST" duration-ms="84836">
      <class name="testcases.RestAssured_TestCases_PL1">
        <test-method signature="getAllStocksTest()[pri:1, instance:testcases.RestAssured_TestCases_PL1@1d2bd371]" started-at="2024-12-26T14:12:22 IST" name="getAllStocksTest" description="1. Send a GET request to get list of stocks
2. Validate that all the ItemId, ItemName, and GenericName are not null.
3. Verify the response status code is 200." finished-at="2024-12-26T14:12:34 IST" duration-ms="11745" status="PASS">
          <reporter-output>
          </reporter-output>
        </test-method> <!-- getAllStocksTest -->
        <test-method signature="getMainStoreTest()[pri:2, instance:testcases.RestAssured_TestCases_PL1@1d2bd371]" started-at="2024-12-26T14:12:38 IST" name="getMainStoreTest" description="1. Send a GET request to get details of main store
2. Validate that all StoreId are not null.
3. Verify the response status code is 200." finished-at="2024-12-26T14:12:39 IST" duration-ms="843" status="PASS">
          <reporter-output>
          </reporter-output>
        </test-method> <!-- getMainStoreTest -->
        <test-method signature="getRequisitionByDateRangeTest()[pri:3, instance:testcases.RestAssured_TestCases_PL1@1d2bd371]" started-at="2024-12-26T14:12:42 IST" name="getRequisitionByDateRangeTest" description="1. Send a GET request to get requisition list by date range
2. Validate that RequisitionNo, RequisitionStatus are not null and requisitionIds are unique.
3. Verify the response status code is 200." finished-at="2024-12-26T14:12:43 IST" duration-ms="904" status="PASS">
          <reporter-output>
          </reporter-output>
        </test-method> <!-- getRequisitionByDateRangeTest -->
        <test-method signature="getPatientConsumptionsTest()[pri:4, instance:testcases.RestAssured_TestCases_PL1@1d2bd371]" started-at="2024-12-26T14:12:47 IST" name="getPatientConsumptionsTest" description="1. Send a GET request to get patient consumptions list
2. Validate that all PatientId, HospitalNo, and PatientVisitId are not null.
3. Verify the response status code is 200." finished-at="2024-12-26T14:12:47 IST" duration-ms="703" status="PASS">
          <reporter-output>
          </reporter-output>
        </test-method> <!-- getPatientConsumptionsTest -->
        <test-method signature="getPatientConsumptionInfoTest()[pri:5, instance:testcases.RestAssured_TestCases_PL1@1d2bd371]" started-at="2024-12-26T14:12:50 IST" name="getPatientConsumptionInfoTest" description="1. Send a GET request to get patient consumption information
2. Validate that PatientName, HospitalNo, and StoreId are not null.
3. Verify the response status code is 200." finished-at="2024-12-26T14:12:51 IST" duration-ms="810" status="PASS">
          <reporter-output>
          </reporter-output>
        </test-method> <!-- getPatientConsumptionInfoTest -->
        <test-method signature="getBillingSchemeBySchemeIdTest()[pri:6, instance:testcases.RestAssured_TestCases_PL1@1d2bd371]" started-at="2024-12-26T14:12:54 IST" name="getBillingSchemeBySchemeIdTest" description="Retrieve and validate Billing Scheme By Scheme ID." finished-at="2024-12-26T14:12:55 IST" duration-ms="735" status="PASS">
          <reporter-output>
          </reporter-output>
        </test-method> <!-- getBillingSchemeBySchemeIdTest -->
        <test-method signature="getBillingSummaryByPatientIdTest()[pri:7, instance:testcases.RestAssured_TestCases_PL1@1d2bd371]" started-at="2024-12-26T14:12:58 IST" name="getBillingSummaryByPatientIdTest" description="Retrieve and validate Billing Summary By Patient ID." finished-at="2024-12-26T14:12:59 IST" duration-ms="721" status="PASS">
          <reporter-output>
          </reporter-output>
        </test-method> <!-- getBillingSummaryByPatientIdTest -->
        <test-method signature="getConsumptionsListOfAPatientByIdTest()[pri:8, instance:testcases.RestAssured_TestCases_PL1@1d2bd371]" started-at="2024-12-26T14:13:02 IST" name="getConsumptionsListOfAPatientByIdTest" description="Retrieve and validate Patient Consumptions List By Patient ID." finished-at="2024-12-26T14:13:03 IST" duration-ms="692" status="PASS">
          <reporter-output>
          </reporter-output>
        </test-method> <!-- getConsumptionsListOfAPatientByIdTest -->
        <test-method signature="getReturnConsumptionsListTest()[pri:9, instance:testcases.RestAssured_TestCases_PL1@1d2bd371]" started-at="2024-12-26T14:13:06 IST" name="getReturnConsumptionsListTest" description="Retrieve and validate the return consumptions list." finished-at="2024-12-26T14:13:07 IST" duration-ms="819" status="PASS">
          <reporter-output>
          </reporter-output>
        </test-method> <!-- getReturnConsumptionsListTest -->
        <test-method signature="getDischargedPatientsTest()[pri:10, instance:testcases.RestAssured_TestCases_PL1@1d2bd371]" started-at="2024-12-26T14:13:10 IST" name="getDischargedPatientsTest" description="Retrieve and validate the list of discharged patients." finished-at="2024-12-26T14:13:11 IST" duration-ms="687" status="PASS">
          <reporter-output>
          </reporter-output>
        </test-method> <!-- getDischargedPatientsTest -->
        <test-method signature="getAdmittedPatientsTest()[pri:11, instance:testcases.RestAssured_TestCases_PL1@1d2bd371]" started-at="2024-12-26T14:13:14 IST" name="getAdmittedPatientsTest" description="Retrieve and validate the list of admitted patients." finished-at="2024-12-26T14:13:15 IST" duration-ms="709" status="PASS">
          <reporter-output>
          </reporter-output>
        </test-method> <!-- getAdmittedPatientsTest -->
        <test-method signature="searchIpdPatientByPatientIdTest()[pri:12, instance:testcases.RestAssured_TestCases_PL1@1d2bd371]" started-at="2024-12-26T14:13:18 IST" name="searchIpdPatientByPatientIdTest" description="Retrieve and validate IPD patients by patient name." finished-at="2024-12-26T14:13:19 IST" duration-ms="681" status="PASS">
          <reporter-output>
          </reporter-output>
        </test-method> <!-- searchIpdPatientByPatientIdTest -->
        <test-method signature="getPatientProvisionalInfoTest()[pri:13, instance:testcases.RestAssured_TestCases_PL1@1d2bd371]" started-at="2024-12-26T14:13:22 IST" name="getPatientProvisionalInfoTest" description="Retrieve and validate patients&#039; provisional information." finished-at="2024-12-26T14:13:23 IST" duration-ms="948" status="PASS">
          <reporter-output>
          </reporter-output>
        </test-method> <!-- getPatientProvisionalInfoTest -->
        <test-method signature="getProvisionalItemsListByPatientIdAndSchemeIdTest()[pri:14, instance:testcases.RestAssured_TestCases_PL1@1d2bd371]" started-at="2024-12-26T14:13:26 IST" name="getProvisionalItemsListByPatientIdAndSchemeIdTest" description="Retrieve and validate provisional items list for a specific patient and scheme." finished-at="2024-12-26T14:13:27 IST" duration-ms="740" status="PASS">
          <reporter-output>
          </reporter-output>
        </test-method> <!-- getProvisionalItemsListByPatientIdAndSchemeIdTest -->
        <test-method signature="getInvoicesByDateRangeTest()[pri:15, instance:testcases.RestAssured_TestCases_PL1@1d2bd371]" started-at="2024-12-26T14:13:30 IST" name="getInvoicesByDateRangeTest" description="Retrieve and validate billing invoices within a specific date range." finished-at="2024-12-26T14:13:32 IST" duration-ms="1412" status="PASS">
          <reporter-output>
          </reporter-output>
        </test-method> <!-- getInvoicesByDateRangeTest -->
        <test-method signature="getProviderListTest()[pri:16, instance:testcases.RestAssured_TestCases_PL1@1d2bd371]" started-at="2024-12-26T14:13:35 IST" name="getProviderListTest" description="Retrieve and validate the list of providers." finished-at="2024-12-26T14:13:36 IST" duration-ms="797" status="PASS">
          <reporter-output>
          </reporter-output>
        </test-method> <!-- getProviderListTest -->
        <test-method signature="getUsersListTest()[pri:17, instance:testcases.RestAssured_TestCases_PL1@1d2bd371]" started-at="2024-12-26T14:13:39 IST" name="getUsersListTest" description="Retrieve and validate the list of users." finished-at="2024-12-26T14:13:40 IST" duration-ms="805" status="PASS">
          <reporter-output>
          </reporter-output>
        </test-method> <!-- getUsersListTest -->
        <test-method signature="getCurrentFiscalYearDetailsTest()[pri:18, instance:testcases.RestAssured_TestCases_PL1@1d2bd371]" started-at="2024-12-26T14:13:43 IST" name="getCurrentFiscalYearDetailsTest" description="Retrieve and validate the current fiscal year details." finished-at="2024-12-26T14:13:43 IST" duration-ms="627" status="PASS">
          <reporter-output>
          </reporter-output>
        </test-method> <!-- getCurrentFiscalYearDetailsTest -->
      </class> <!-- testcases.RestAssured_TestCases_PL1 -->
    </test> <!-- Test -->
  </suite> <!-- Suite -->
</testng-results>
